#
# A fatal error has been detected by the Java Runtime Environment:
#
#  SIGSEGV (0xb) at pc=0x00007f064f22ae26, pid=10646, tid=139664848373504
#
# JRE version: OpenJDK Runtime Environment (7.0_95) (build 1.7.0_95-b00)
# Java VM: OpenJDK 64-Bit Server VM (24.95-b01 mixed mode linux-amd64 compressed oops)
# Derivative: IcedTea 2.6.4
# Distribution: Ubuntu 14.04 LTS, package 7u95-2.6.4-0ubuntu0.14.04.2
# Problematic frame:
# V  [libjvm.so+0x947e26]
#
# Failed to write core dump. Core dumps have been disabled. To enable core dumping, try "ulimit -c unlimited" before starting Java again
#
# If you would like to submit a bug report, please include
# instructions on how to reproduce the bug and visit:
#   http://icedtea.classpath.org/bugzilla
#

---------------  T H R E A D  ---------------

Current thread (0x00007f06480b5000):  JavaThread "JDWP Transport Listener: dt_socket" daemon [_thread_in_vm, id=10664, stack(0x00007f06419cc000,0x00007f0641acd000)]

siginfo:si_signo=SIGSEGV: si_errno=0, si_code=2 (SEGV_ACCERR), si_addr=0x00007f05fe3c5ff0

Registers:
RAX=0x0000000788317a20, RBX=0x00007f060c09ed20, RCX=0x000000000000fc8d, RDX=0x000000000000fc8c
RSP=0x00007f0641acb170, RBP=0x00007f0641acb210, RSI=0x0000000000000000, RDI=0x0000000000000020
R8 =0x00007f061029df80, R9 =0x000000000029d000, R10=0x0000000000000022, R11=0x0000000010000001
R12=0x00007f060c09f320, R13=0x00007f05fe3c5fe8, R14=0x00007f0641acb1b0, R15=0x0000000000000000
RIP=0x00007f064f22ae26, EFLAGS=0x0000000000010246, CSGSFS=0x0000000000000033, ERR=0x0000000000000004
  TRAPNO=0x000000000000000e

Top of Stack: (sp=0x00007f0641acb170)
0x00007f0641acb170:   00007f06480b5000 00007f06101dcec0
0x00007f0641acb180:   00007f05fe4c28c8 00007f064371b085
0x00007f0641acb190:   00007f064370d310 00007f0600000000
0x00007f0641acb1a0:   00007f05fe4c2908 00007f05fe4c28c8
0x00007f0641acb1b0:   00007f05fe4c28c8 00007f064371b085
0x00007f0641acb1c0:   00007f064370d310 00007f0600000000
0x00007f0641acb1d0:   00007f05fe4c2908 00007f05fe4c28c8
0x00007f0641acb1e0:   0000008000000081 00007f06480ad220
0x00007f0641acb1f0:   00007f064f6a4e98 0000000000000000
0x00007f0641acb200:   00007f061000c160 00007f05f0017000
0x00007f0641acb210:   00007f0641acb2f0 00007f064ef81426
0x00007f0641acb220:   0000001000000000 00007f060c09ef90
0x00007f0641acb230:   002000210000000c 00007f0641acb3c0
0x00007f0641acb240:   00000000000083b0 00000000480b5a40
0x00007f0641acb250:   00007f06480b5000 00007f060c0a6cf8
0x00007f0641acb260:   00007f060c09f320 00007f05f0017000
0x00007f0641acb270:   00007f060c09ed10 00007f0641acb390
0x00007f0641acb280:   00007f0648003a90 00007f06480ad220
0x00007f0641acb290:   00007f0641acb2f0 00007f064f1e78b9
0x00007f0641acb2a0:   00007f05fe4c28c8 00007f064371b085
0x00007f0641acb2b0:   00007f064370d310 00007f0600000000
0x00007f0641acb2c0:   00007f05fe4c2908 0000000000000000
0x00007f0641acb2d0:   00007f064f6a4e98 00007f05f0017000
0x00007f0641acb2e0:   00007f061000c160 00007f060c09ed20
0x00007f0641acb2f0:   00007f0641acb980 00007f064ef81875
0x00007f0641acb300:   00000000000003d8 00007f06480ad220
0x00007f0641acb310:   00007f0641acb350 00007f06480b5d38
0x00007f0641acb320:   00007f06480b5960 00007f0641acb390
0x00007f0641acb330:   00007f061000c160 00007f06480b5950
0x00007f0641acb340:   00007f06480b5000 00007f0648003a90
0x00007f0641acb350:   00007f06480b5000 00007f06480b5d40
0x00007f0641acb360:   00007f06480b5d80 00007f06480b5d90 

Instructions: (pc=0x00007f064f22ae26)
0x00007f064f22ae06:   89 45 c0 48 8b 43 30 48 89 45 c8 e8 7a 04 bd ff
0x00007f064f22ae16:   49 39 c5 0f 82 f9 00 00 00 31 f6 bf 20 00 00 00
0x00007f064f22ae26:   4d 8b 7d 08 e8 21 1c f1 ff 48 85 c0 49 89 c0 74
0x00007f064f22ae36:   17 4c 89 38 48 c7 40 10 00 00 00 00 4c 89 68 08 

Register to memory mapping:

RAX=0x0000000788317a20 is an oop
java.lang.Error 
 - klass: 'java/lang/Error'
RBX=0x00007f060c09ed20 is an unknown value
RCX=0x000000000000fc8d is an unknown value
RDX=0x000000000000fc8c is an unknown value
RSP=0x00007f0641acb170 is pointing into the stack for thread: 0x00007f06480b5000
RBP=0x00007f0641acb210 is pointing into the stack for thread: 0x00007f06480b5000
RSI=0x0000000000000000 is an unknown value
RDI=0x0000000000000020 is an unknown value
R8 =0x00007f061029df80 is an unknown value
R9 =0x000000000029d000 is an unknown value
R10=0x0000000000000022 is an unknown value
R11=0x0000000010000001 is an unknown value
R12=0x00007f060c09f320 is an unknown value
R13=0x00007f05fe3c5fe8 is pointing into the stack for thread: 0x00007f05f0017000
R14=0x00007f0641acb1b0 is pointing into the stack for thread: 0x00007f06480b5000
R15=0x0000000000000000 is an unknown value


Stack: [0x00007f06419cc000,0x00007f0641acd000],  sp=0x00007f0641acb170,  free space=1020k
Native frames: (J=compiled Java code, j=interpreted, Vv=VM code, C=native code)
V  [libjvm.so+0x947e26]
V  [libjvm.so+0x69e426]
V  [libjvm.so+0x69e875]
V  [libjvm.so+0x693ff6]
V  [libjvm.so+0x6517f6]
C  [libjdwp.so+0x9f26]
C  [libjdwp.so+0x11688]
C  [libjdwp.so+0x23785]
V  [libjvm.so+0x6b0ecb]
V  [libjvm.so+0x906c70]
V  [libjvm.so+0x906ee1]
V  [libjvm.so+0x7cc742]


---------------  P R O C E S S  ---------------

Java Threads: ( => current thread )
  0x00007f05f0017000 JavaThread "Thread-1" [_thread_blocked, id=10687, stack(0x00007f05fe3c3000,0x00007f05fe4c4000)]
  0x00007f05ec004000 JavaThread "AWT-EventQueue-1" [_thread_blocked, id=10683, stack(0x00007f05fe924000,0x00007f05fea25000)]
  0x00007f064800c800 JavaThread "DestroyJavaVM" [_thread_blocked, id=10650, stack(0x00007f06503fe000,0x00007f06504ff000)]
  0x00007f064823f800 JavaThread "AWT-EventQueue-0" [_thread_blocked, id=10680, stack(0x00007f05fef8d000,0x00007f05ff08e000)]
  0x00007f0648239000 JavaThread "AWT-Shutdown" [_thread_blocked, id=10679, stack(0x00007f05ff08e000,0x00007f05ff18f000)]
  0x00007f0648222800 JavaThread "thread applet-Main.class" [_thread_blocked, id=10677, stack(0x00007f05ff18f000,0x00007f05ff290000)]
  0x00007f0648202000 JavaThread "AWT-XAWT" daemon [_thread_in_native, id=10675, stack(0x00007f05ff290000,0x00007f05ff391000)]
  0x00007f06481db800 JavaThread "Java2D Disposer" daemon [_thread_blocked, id=10674, stack(0x00007f0634056000,0x00007f0634157000)]
  0x00007f06480c0800 JavaThread "Service Thread" daemon [_thread_blocked, id=10672, stack(0x00007f06414c7000,0x00007f06415c8000)]
  0x00007f06480be000 JavaThread "C2 CompilerThread1" daemon [_thread_blocked, id=10671, stack(0x00007f06415c8000,0x00007f06416c9000)]
  0x00007f06480bb000 JavaThread "C2 CompilerThread0" daemon [_thread_blocked, id=10670, stack(0x00007f06416c9000,0x00007f06417ca000)]
  0x00007f0610001000 JavaThread "JDWP Command Reader" daemon [_thread_in_native, id=10668, stack(0x00007f06417ca000,0x00007f06418cb000)]
  0x00007f06480b8800 JavaThread "JDWP Event Helper Thread" daemon [_thread_blocked, id=10666, stack(0x00007f06418cb000,0x00007f06419cc000)]
=>0x00007f06480b5000 JavaThread "JDWP Transport Listener: dt_socket" daemon [_thread_in_vm, id=10664, stack(0x00007f06419cc000,0x00007f0641acd000)]
  0x00007f06480a8800 JavaThread "Signal Dispatcher" daemon [_thread_blocked, id=10662, stack(0x00007f0641cd2000,0x00007f0641dd3000)]
  0x00007f064807e800 JavaThread "Finalizer" daemon [_thread_blocked, id=10661, stack(0x00007f0641dd3000,0x00007f0641ed4000)]
  0x00007f064807c800 JavaThread "Reference Handler" daemon [_thread_blocked, id=10660, stack(0x00007f0641ed4000,0x00007f0641fd5000)]

Other Threads:
  0x00007f0648078000 VMThread [stack: 0x00007f0641fd5000,0x00007f06420d6000] [id=10659]
  0x00007f06480cb000 WatcherThread [stack: 0x00007f06413c6000,0x00007f06414c7000] [id=10673]

VM state:not at safepoint (normal execution)

VM Mutex/Monitor currently owned by a thread: None

Heap
 PSYoungGen      total 69632K, used 4945K [0x00000007d6d00000, 0x00000007db600000, 0x0000000800000000)
  eden space 64512K, 7% used [0x00000007d6d00000,0x00000007d71d4700,0x00000007dac00000)
  from space 5120K, 0% used [0x00000007db100000,0x00000007db100000,0x00000007db600000)
  to   space 5120K, 0% used [0x00000007dac00000,0x00000007dac00000,0x00000007db100000)
 ParOldGen       total 83968K, used 65574K [0x0000000784800000, 0x0000000789a00000, 0x00000007d6d00000)
  object space 83968K, 78% used [0x0000000784800000,0x0000000788809ac8,0x0000000789a00000)
 PSPermGen       total 21504K, used 10547K [0x000000077a200000, 0x000000077b700000, 0x0000000784800000)
  object space 21504K, 49% used [0x000000077a200000,0x000000077ac4cf90,0x000000077b700000)

Card table byte_map: [0x00007f064c7c7000,0x00007f064cbf7000] byte_map_base: 0x00007f0648bf6000

Polling page: 0x00007f065051f000

Code Cache  [0x00007f0643708000, 0x00007f0643978000, 0x00007f0646708000)
 total_blobs=498 nmethods=62 adapters=398 free_code_cache=48432Kb largest_free_block=49574144

Compilation events (10 events):
Event: 1,500 Thread 0x00007f06480bb000 nmethod 58 0x00007f06437a1650 code [0x00007f06437a17a0, 0x00007f06437a19f8]
Event: 1,500 Thread 0x00007f06480bb000   59             java.lang.AbstractStringBuilder::append (48 bytes)
Event: 1,500 Thread 0x00007f06480be000 nmethod 57 0x00007f06437bccd0 code [0x00007f06437bd000, 0x00007f06437be150]
Event: 1,500 Thread 0x00007f06480be000   60             java.lang.StringBuilder::append (8 bytes)
Event: 1,505 Thread 0x00007f06480be000 nmethod 60 0x00007f06437b5e90 code [0x00007f06437b6000, 0x00007f06437b64f8]
Event: 1,902 Thread 0x00007f06480bb000 nmethod 59 0x00007f06437b5450 code [0x00007f06437b55c0, 0x00007f06437b5ab8]
Event: 1,912 Thread 0x00007f06480be000   61             java.lang.Enum::ordinal (5 bytes)
Event: 1,912 Thread 0x00007f06480be000 nmethod 61 0x00007f06437b6c90 code [0x00007f06437b6dc0, 0x00007f06437b6e18]
Event: 1,917 Thread 0x00007f06480be000   62             sun.util.logging.PlatformLogger$Level::intValue (9 bytes)
Event: 1,918 Thread 0x00007f06480be000 nmethod 62 0x00007f06437b69d0 code [0x00007f06437b6b00, 0x00007f06437b6b98]

GC Heap History (10 events):
Event: 0,514 GC heap before
{Heap before GC invocations=2 (full 1):
 PSYoungGen      total 37376K, used 1170K [0x00000007d6d00000, 0x00000007d9680000, 0x0000000800000000)
  eden space 32256K, 0% used [0x00000007d6d00000,0x00000007d6d00000,0x00000007d8c80000)
  from space 5120K, 22% used [0x00000007d8c80000,0x00000007d8da4820,0x00000007d9180000)
  to   space 5120K, 0% used [0x00000007d9180000,0x00000007d9180000,0x00000007d9680000)
 ParOldGen       total 83968K, used 0K [0x0000000784800000, 0x0000000789a00000, 0x00000007d6d00000)
  object space 83968K, 0% used [0x0000000784800000,0x0000000784800000,0x0000000789a00000)
 PSPermGen       total 21504K, used 8861K [0x000000077a200000, 0x000000077b700000, 0x0000000784800000)
  object space 21504K, 41% used [0x000000077a200000,0x000000077aaa7608,0x000000077b700000)
Event: 0,583 GC heap after
Heap after GC invocations=2 (full 1):
 PSYoungGen      total 37376K, used 0K [0x00000007d6d00000, 0x00000007d9680000, 0x0000000800000000)
  eden space 32256K, 0% used [0x00000007d6d00000,0x00000007d6d00000,0x00000007d8c80000)
  from space 5120K, 0% used [0x00000007d8c80000,0x00000007d8c80000,0x00000007d9180000)
  to   space 5120K, 0% used [0x00000007d9180000,0x00000007d9180000,0x00000007d9680000)
 ParOldGen       total 83968K, used 1070K [0x0000000784800000, 0x0000000789a00000, 0x00000007d6d00000)
  object space 83968K, 1% used [0x0000000784800000,0x000000078490bb30,0x0000000789a00000)
 PSPermGen       total 21504K, used 8859K [0x000000077a200000, 0x000000077b700000, 0x0000000784800000)
  object space 21504K, 41% used [0x000000077a200000,0x000000077aaa6d28,0x000000077b700000)
}
Event: 1,019 GC heap before
{Heap before GC invocations=3 (full 1):
 PSYoungGen      total 37376K, used 32256K [0x00000007d6d00000, 0x00000007d9680000, 0x0000000800000000)
  eden space 32256K, 100% used [0x00000007d6d00000,0x00000007d8c80000,0x00000007d8c80000)
  from space 5120K, 0% used [0x00000007d8c80000,0x00000007d8c80000,0x00000007d9180000)
  to   space 5120K, 0% used [0x00000007d9180000,0x00000007d9180000,0x00000007d9680000)
 ParOldGen       total 83968K, used 1070K [0x0000000784800000, 0x0000000789a00000, 0x00000007d6d00000)
  object space 83968K, 1% used [0x0000000784800000,0x000000078490bb30,0x0000000789a00000)
 PSPermGen       total 21504K, used 10041K [0x000000077a200000, 0x000000077b700000, 0x0000000784800000)
  object space 21504K, 46% used [0x000000077a200000,0x000000077abce5e8,0x000000077b700000)
Event: 1,025 GC heap after
Heap after GC invocations=3 (full 1):
 PSYoungGen      total 37376K, used 5108K [0x00000007d6d00000, 0x00000007db600000, 0x0000000800000000)
  eden space 32256K, 0% used [0x00000007d6d00000,0x00000007d6d00000,0x00000007d8c80000)
  from space 5120K, 99% used [0x00000007d9180000,0x00000007d967d280,0x00000007d9680000)
  to   space 5120K, 0% used [0x00000007d8c80000,0x00000007d8c80000,0x00000007d9180000)
 ParOldGen       total 83968K, used 8521K [0x0000000784800000, 0x0000000789a00000, 0x00000007d6d00000)
  object space 83968K, 10% used [0x0000000784800000,0x0000000785052790,0x0000000789a00000)
 PSPermGen       total 21504K, used 10041K [0x000000077a200000, 0x000000077b700000, 0x0000000784800000)
  object space 21504K, 46% used [0x000000077a200000,0x000000077abce5e8,0x000000077b700000)
}
Event: 1,447 GC heap before
{Heap before GC invocations=4 (full 1):
 PSYoungGen      total 37376K, used 37364K [0x00000007d6d00000, 0x00000007db600000, 0x0000000800000000)
  eden space 32256K, 100% used [0x00000007d6d00000,0x00000007d8c80000,0x00000007d8c80000)
  from space 5120K, 99% used [0x00000007d9180000,0x00000007d967d280,0x00000007d9680000)
  to   space 5120K, 0% used [0x00000007d8c80000,0x00000007d8c80000,0x00000007d9180000)
 ParOldGen       total 83968K, used 8521K [0x0000000784800000, 0x0000000789a00000, 0x00000007d6d00000)
  object space 83968K, 10% used [0x0000000784800000,0x0000000785052790,0x0000000789a00000)
 PSPermGen       total 21504K, used 10214K [0x000000077a200000, 0x000000077b700000, 0x0000000784800000)
  object space 21504K, 47% used [0x000000077a200000,0x000000077abf9850,0x000000077b700000)
Event: 1,464 GC heap after
Heap after GC invocations=4 (full 1):
 PSYoungGen      total 37376K, used 5112K [0x00000007d6d00000, 0x00000007db600000, 0x0000000800000000)
  eden space 32256K, 0% used [0x00000007d6d00000,0x00000007d6d00000,0x00000007d8c80000)
  from space 5120K, 99% used [0x00000007d8c80000,0x00000007d917e2f0,0x00000007d9180000)
  to   space 5120K, 0% used [0x00000007db100000,0x00000007db100000,0x00000007db600000)
 ParOldGen       total 83968K, used 30616K [0x0000000784800000, 0x0000000789a00000, 0x00000007d6d00000)
  object space 83968K, 36% used [0x0000000784800000,0x00000007865e6190,0x0000000789a00000)
 PSPermGen       total 21504K, used 10214K [0x000000077a200000, 0x000000077b700000, 0x0000000784800000)
  object space 21504K, 47% used [0x000000077a200000,0x000000077abf9850,0x000000077b700000)
}
Event: 1,505 GC heap before
{Heap before GC invocations=5 (full 1):
 PSYoungGen      total 37376K, used 36182K [0x00000007d6d00000, 0x00000007db600000, 0x0000000800000000)
  eden space 32256K, 96% used [0x00000007d6d00000,0x00000007d8b57838,0x00000007d8c80000)
  from space 5120K, 99% used [0x00000007d8c80000,0x00000007d917e2f0,0x00000007d9180000)
  to   space 5120K, 0% used [0x00000007db100000,0x00000007db100000,0x00000007db600000)
 ParOldGen       total 83968K, used 30616K [0x0000000784800000, 0x0000000789a00000, 0x00000007d6d00000)
  object space 83968K, 36% used [0x0000000784800000,0x00000007865e6190,0x0000000789a00000)
 PSPermGen       total 21504K, used 10360K [0x000000077a200000, 0x000000077b700000, 0x0000000784800000)
  object space 21504K, 48% used [0x000000077a200000,0x000000077ac1e258,0x000000077b700000)
Event: 1,538 GC heap after
Heap after GC invocations=5 (full 1):
 PSYoungGen      total 69632K, used 5112K [0x00000007d6d00000, 0x00000007db600000, 0x0000000800000000)
  eden space 64512K, 0% used [0x00000007d6d00000,0x00000007d6d00000,0x00000007dac00000)
  from space 5120K, 99% used [0x00000007db100000,0x00000007db5fe2c0,0x00000007db600000)
  to   space 5120K, 0% used [0x00000007dac00000,0x00000007dac00000,0x00000007db100000)
 ParOldGen       total 83968K, used 60768K [0x0000000784800000, 0x0000000789a00000, 0x00000007d6d00000)
  object space 83968K, 72% used [0x0000000784800000,0x00000007883581c0,0x0000000789a00000)
 PSPermGen       total 21504K, used 10360K [0x000000077a200000, 0x000000077b700000, 0x0000000784800000)
  object space 21504K, 48% used [0x000000077a200000,0x000000077ac1e258,0x000000077b700000)
}
Event: 1,538 GC heap before
{Heap before GC invocations=6 (full 2):
 PSYoungGen      total 69632K, used 5112K [0x00000007d6d00000, 0x00000007db600000, 0x0000000800000000)
  eden space 64512K, 0% used [0x00000007d6d00000,0x00000007d6d00000,0x00000007dac00000)
  from space 5120K, 99% used [0x00000007db100000,0x00000007db5fe2c0,0x00000007db600000)
  to   space 5120K, 0% used [0x00000007dac00000,0x00000007dac00000,0x00000007db100000)
 ParOldGen       total 83968K, used 60768K [0x0000000784800000, 0x0000000789a00000, 0x00000007d6d00000)
  object space 83968K, 72% used [0x0000000784800000,0x00000007883581c0,0x0000000789a00000)
 PSPermGen       total 21504K, used 10360K [0x000000077a200000, 0x000000077b700000, 0x0000000784800000)
  object space 21504K, 48% used [0x000000077a200000,0x000000077ac1e258,0x000000077b700000)
Event: 1,902 GC heap after
Heap after GC invocations=6 (full 2):
 PSYoungGen      total 69632K, used 0K [0x00000007d6d00000, 0x00000007db600000, 0x0000000800000000)
  eden space 64512K, 0% used [0x00000007d6d00000,0x00000007d6d00000,0x00000007dac00000)
  from space 5120K, 0% used [0x00000007db100000,0x00000007db100000,0x00000007db600000)
  to   space 5120K, 0% used [0x00000007dac00000,0x00000007dac00000,0x00000007db100000)
 ParOldGen       total 83968K, used 65574K [0x0000000784800000, 0x0000000789a00000, 0x00000007d6d00000)
  object space 83968K, 78% used [0x0000000784800000,0x0000000788809ac8,0x0000000789a00000)
 PSPermGen       total 21504K, used 10360K [0x000000077a200000, 0x000000077b700000, 0x0000000784800000)
  object space 21504K, 48% used [0x000000077a200000,0x000000077ac1e200,0x000000077b700000)
}

Deoptimization events (10 events):
Event: 0,223 Thread 0x00007f064800c800 Uncommon trap: reason=unstable_if action=reinterpret pc=0x00007f064376f51c method=java.lang.String.indexOf(II)I @ 49
Event: 0,405 Thread 0x00007f064823f800 Uncommon trap: reason=class_check action=maybe_recompile pc=0x00007f064376cc90 method=java.util.Properties$LineReader.readLine()I @ 62
Event: 0,405 Thread 0x00007f064823f800 Uncommon trap: reason=unstable_if action=reinterpret pc=0x00007f064376cc34 method=java.util.Properties$LineReader.readLine()I @ 369
Event: 0,618 Thread 0x00007f05f0006000 Uncommon trap: reason=unstable_if action=reinterpret pc=0x00007f064378bcf8 method=java.util.Properties$LineReader.readLine()I @ 172
Event: 0,619 Thread 0x00007f05f0006000 Uncommon trap: reason=unstable_if action=reinterpret pc=0x00007f0643786ef4 method=java.util.Properties.loadConvert([CII[C)Ljava/lang/String; @ 57
Event: 0,619 Thread 0x00007f05f0006000 Uncommon trap: reason=unstable_if action=reinterpret pc=0x00007f064378fac4 method=java.util.Properties.load0(Ljava/util/Properties$LineReader;)V @ 56
Event: 0,768 Thread 0x00007f0648222800 Uncommon trap: reason=unstable_if action=reinterpret pc=0x00007f064379de0c method=Texture.<init>(Ljava/awt/Image;IILjava/lang/String;)V @ 252
Event: 0,850 Thread 0x00007f0648222800 Uncommon trap: reason=unstable_if action=reinterpret pc=0x00007f06437a335c method=Texture.<init>(Ljava/awt/Image;IILjava/lang/String;)V @ 582
Event: 0,870 Thread 0x00007f0648222800 Uncommon trap: reason=unloaded action=reinterpret pc=0x00007f06437a61ac method=Texture.<init>(Ljava/awt/Image;IILjava/lang/String;)V @ 1071
Event: 1,001 Thread 0x00007f05f0006000 Uncommon trap: reason=unstable_if action=reinterpret pc=0x00007f064379c544 method=java.awt.image.PixelGrabber.setPixels(IIIILjava/awt/image/ColorModel;[III)V @ 59

Internal exceptions (10 events):
Event: 1,481 Thread 0x00007f0648222800 Threw 0x00000007d8155f40 at /build/openjdk-7-HVzwJZ/openjdk-7-7u95-2.6.4/build/openjdk/hotspot/src/share/vm/prims/jvm.cpp:1322
Event: 1,482 Thread 0x00007f0648222800 Threw 0x00000007d8157bc8 at /build/openjdk-7-HVzwJZ/openjdk-7-7u95-2.6.4/build/openjdk/hotspot/src/share/vm/prims/jvm.cpp:1322
Event: 1,483 Thread 0x00007f0648222800 Threw 0x00000007d816dcc0 at /build/openjdk-7-HVzwJZ/openjdk-7-7u95-2.6.4/build/openjdk/hotspot/src/share/vm/prims/jvm.cpp:1322
Event: 1,484 Thread 0x00007f0648222800 Threw 0x00000007d8171bf0 at /build/openjdk-7-HVzwJZ/openjdk-7-7u95-2.6.4/build/openjdk/hotspot/src/share/vm/prims/jvm.cpp:1322
Event: 1,485 Thread 0x00007f0648222800 Threw 0x00000007d81c6e18 at /build/openjdk-7-HVzwJZ/openjdk-7-7u95-2.6.4/build/openjdk/hotspot/src/share/vm/prims/jvm.cpp:1322
Event: 1,486 Thread 0x00007f0648222800 Threw 0x00000007d8248d50 at /build/openjdk-7-HVzwJZ/openjdk-7-7u95-2.6.4/build/openjdk/hotspot/src/share/vm/prims/jvm.cpp:1322
Event: 1,491 Thread 0x00007f0648222800 Threw 0x00000007d872f2c0 at /build/openjdk-7-HVzwJZ/openjdk-7-7u95-2.6.4/build/openjdk/hotspot/src/share/vm/prims/jvm.cpp:1322
Event: 1,496 Thread 0x00007f0648222800 Threw 0x00000007d8aaff18 at /build/openjdk-7-HVzwJZ/openjdk-7-7u95-2.6.4/build/openjdk/hotspot/src/share/vm/prims/jvm.cpp:1322
Event: 1,497 Thread 0x00007f0648222800 Threw 0x00000007d8ad76c0 at /build/openjdk-7-HVzwJZ/openjdk-7-7u95-2.6.4/build/openjdk/hotspot/src/share/vm/prims/jvm.cpp:1322
Event: 1,498 Thread 0x00007f05f0017000 Threw 0x00000007d8b2fa28 at /build/openjdk-7-HVzwJZ/openjdk-7-7u95-2.6.4/build/openjdk/hotspot/src/share/vm/prims/jvm.cpp:1322

Events (10 events):
Event: 6,055 Executing VM operation: GetOrSetLocal
Event: 6,055 Executing VM operation: GetOrSetLocal done
Event: 106,349 Executing VM operation: GetCurrentLocation
Event: 106,349 Executing VM operation: GetCurrentLocation done
Event: 106,349 Executing VM operation: EnterInterpOnlyMode
Event: 106,349 Executing VM operation: EnterInterpOnlyMode done
Event: 106,349 Executing VM operation: ChangeSingleStep
Event: 106,349 Executing VM operation: ChangeSingleStep done
Event: 106,349 Executing VM operation: ChangeSingleStep
Event: 106,349 Executing VM operation: ChangeSingleStep done


Dynamic libraries:
00400000-00401000 r-xp 00000000 08:01 54421318                           /usr/lib/jvm/java-7-openjdk-amd64/jre/bin/java
00600000-00601000 r--p 00000000 08:01 54421318                           /usr/lib/jvm/java-7-openjdk-amd64/jre/bin/java
00601000-00602000 rw-p 00001000 08:01 54421318                           /usr/lib/jvm/java-7-openjdk-amd64/jre/bin/java
00bb7000-00bd8000 rw-p 00000000 00:00 0                                  [heap]
77a200000-77b700000 rw-p 00000000 00:00 0 
77b700000-784800000 rw-p 00000000 00:00 0 
784800000-789a00000 rw-p 00000000 00:00 0 
789a00000-7d6d00000 rw-p 00000000 00:00 0 
7d6d00000-7db600000 rw-p 00000000 00:00 0 
7db600000-800000000 rw-p 00000000 00:00 0 
7f05d4000000-7f05d4021000 rw-p 00000000 00:00 0 
7f05d4021000-7f05d8000000 ---p 00000000 00:00 0 
7f05dc000000-7f05dc179000 rw-p 00000000 00:00 0 
7f05dc179000-7f05e0000000 ---p 00000000 00:00 0 
7f05e0000000-7f05e002d000 rw-p 00000000 00:00 0 
7f05e002d000-7f05e4000000 ---p 00000000 00:00 0 
7f05e4000000-7f05e4021000 rw-p 00000000 00:00 0 
7f05e4021000-7f05e8000000 ---p 00000000 00:00 0 
7f05e8000000-7f05e8047000 rw-p 00000000 00:00 0 
7f05e8047000-7f05ec000000 ---p 00000000 00:00 0 
7f05ec000000-7f05ec021000 rw-p 00000000 00:00 0 
7f05ec021000-7f05f0000000 ---p 00000000 00:00 0 
7f05f0000000-7f05f0026000 rw-p 00000000 00:00 0 
7f05f0026000-7f05f4000000 ---p 00000000 00:00 0 
7f05f4000000-7f05f4021000 rw-p 00000000 00:00 0 
7f05f4021000-7f05f8000000 ---p 00000000 00:00 0 
7f05f8000000-7f05f8021000 rw-p 00000000 00:00 0 
7f05f8021000-7f05fc000000 ---p 00000000 00:00 0 
7f05fe322000-7f05fe3c3000 rw-p 00000000 00:00 0 
7f05fe3c3000-7f05fe3c6000 ---p 00000000 00:00 0 
7f05fe3c6000-7f05fe4c4000 rw-p 00000000 00:00 0                          [stack:10687]
7f05fe4c4000-7f05fe507000 r-xp 00000000 08:01 53222521                   /usr/lib/x86_64-linux-gnu/libjpeg.so.8.0.2
7f05fe507000-7f05fe707000 ---p 00043000 08:01 53222521                   /usr/lib/x86_64-linux-gnu/libjpeg.so.8.0.2
7f05fe707000-7f05fe708000 r--p 00043000 08:01 53222521                   /usr/lib/x86_64-linux-gnu/libjpeg.so.8.0.2
7f05fe708000-7f05fe709000 rw-p 00044000 08:01 53222521                   /usr/lib/x86_64-linux-gnu/libjpeg.so.8.0.2
7f05fe709000-7f05fe719000 rw-p 00000000 00:00 0 
7f05fe719000-7f05fe723000 r-xp 00000000 08:01 54531132                   /usr/lib/jvm/java-7-openjdk-amd64/jre/lib/amd64/libjavajpeg.so
7f05fe723000-7f05fe922000 ---p 0000a000 08:01 54531132                   /usr/lib/jvm/java-7-openjdk-amd64/jre/lib/amd64/libjavajpeg.so
7f05fe922000-7f05fe923000 r--p 00009000 08:01 54531132                   /usr/lib/jvm/java-7-openjdk-amd64/jre/lib/amd64/libjavajpeg.so
7f05fe923000-7f05fe924000 rw-p 0000a000 08:01 54531132                   /usr/lib/jvm/java-7-openjdk-amd64/jre/lib/amd64/libjavajpeg.so
7f05fe924000-7f05fe927000 ---p 00000000 00:00 0 
7f05fe927000-7f05fea25000 rw-p 00000000 00:00 0                          [stack:10683]
7f05fea25000-7f05fea28000 ---p 00000000 00:00 0 
7f05fea28000-7f05feb26000 rw-p 00000000 00:00 0 
7f05feb26000-7f05feb36000 r-xp 00000000 08:01 54531134                   /usr/lib/jvm/java-7-openjdk-amd64/jre/lib/amd64/libnio.so
7f05feb36000-7f05fed36000 ---p 00010000 08:01 54531134                   /usr/lib/jvm/java-7-openjdk-amd64/jre/lib/amd64/libnio.so
7f05fed36000-7f05fed37000 r--p 00010000 08:01 54531134                   /usr/lib/jvm/java-7-openjdk-amd64/jre/lib/amd64/libnio.so
7f05fed37000-7f05fed38000 rw-p 00011000 08:01 54531134                   /usr/lib/jvm/java-7-openjdk-amd64/jre/lib/amd64/libnio.so
7f05fed38000-7f05fed8a000 r-xp 00000000 08:01 54531113                   /usr/lib/jvm/java-7-openjdk-amd64/jre/lib/amd64/libfontmanager.so
7f05fed8a000-7f05fef89000 ---p 00052000 08:01 54531113                   /usr/lib/jvm/java-7-openjdk-amd64/jre/lib/amd64/libfontmanager.so
7f05fef89000-7f05fef8c000 r--p 00051000 08:01 54531113                   /usr/lib/jvm/java-7-openjdk-amd64/jre/lib/amd64/libfontmanager.so
7f05fef8c000-7f05fef8d000 rw-p 00054000 08:01 54531113                   /usr/lib/jvm/java-7-openjdk-amd64/jre/lib/amd64/libfontmanager.so
7f05fef8d000-7f05fef90000 ---p 00000000 00:00 0 
7f05fef90000-7f05ff08e000 rw-p 00000000 00:00 0                          [stack:10680]
7f05ff08e000-7f05ff091000 ---p 00000000 00:00 0 
7f05ff091000-7f05ff18f000 rw-p 00000000 00:00 0                          [stack:10679]
7f05ff18f000-7f05ff192000 ---p 00000000 00:00 0 
7f05ff192000-7f05ff290000 rw-p 00000000 00:00 0                          [stack:10677]
7f05ff290000-7f05ff293000 ---p 00000000 00:00 0 
7f05ff293000-7f05ff391000 rw-p 00000000 00:00 0                          [stack:10675]
7f05ff391000-7f05ff396000 r-xp 00000000 08:01 53221987                   /usr/lib/x86_64-linux-gnu/libXfixes.so.3.1.0
7f05ff396000-7f05ff595000 ---p 00005000 08:01 53221987                   /usr/lib/x86_64-linux-gnu/libXfixes.so.3.1.0
7f05ff595000-7f05ff596000 r--p 00004000 08:01 53221987                   /usr/lib/x86_64-linux-gnu/libXfixes.so.3.1.0
7f05ff596000-7f05ff597000 rw-p 00005000 08:01 53221987                   /usr/lib/x86_64-linux-gnu/libXfixes.so.3.1.0
7f05ff597000-7f05ff5a0000 r-xp 00000000 08:01 53221979                   /usr/lib/x86_64-linux-gnu/libXcursor.so.1.0.2
7f05ff5a0000-7f05ff79f000 ---p 00009000 08:01 53221979                   /usr/lib/x86_64-linux-gnu/libXcursor.so.1.0.2
7f05ff79f000-7f05ff7a0000 r--p 00008000 08:01 53221979                   /usr/lib/x86_64-linux-gnu/libXcursor.so.1.0.2
7f05ff7a0000-7f05ff7a1000 rw-p 00009000 08:01 53221979                   /usr/lib/x86_64-linux-gnu/libXcursor.so.1.0.2
7f05ff7a1000-7f05ff7b8000 r-xp 00000000 08:01 54531115                   /usr/lib/jvm/java-7-openjdk-amd64/jre/lib/amd64/libnet.so
7f05ff7b8000-7f05ff9b7000 ---p 00017000 08:01 54531115                   /usr/lib/jvm/java-7-openjdk-amd64/jre/lib/amd64/libnet.so
7f05ff9b7000-7f05ff9b8000 r--p 00016000 08:01 54531115                   /usr/lib/jvm/java-7-openjdk-amd64/jre/lib/amd64/libnet.so
7f05ff9b8000-7f05ff9b9000 rw-p 00017000 08:01 54531115                   /usr/lib/jvm/java-7-openjdk-amd64/jre/lib/amd64/libnet.so
7f05ff9b9000-7f05ff9bd000 r-xp 00000000 08:01 31461500                   /lib/x86_64-linux-gnu/libgpg-error.so.0.10.0
7f05ff9bd000-7f05ffbbc000 ---p 00004000 08:01 31461500                   /lib/x86_64-linux-gnu/libgpg-error.so.0.10.0
7f05ffbbc000-7f05ffbbd000 r--p 00003000 08:01 31461500                   /lib/x86_64-linux-gnu/libgpg-error.so.0.10.0
7f05ffbbd000-7f05ffbbe000 rw-p 00004000 08:01 31461500                   /lib/x86_64-linux-gnu/libgpg-error.so.0.10.0
7f05ffbbe000-7f05ffbc0000 r-xp 00000000 08:01 31461510                   /lib/x86_64-linux-gnu/libkeyutils.so.1.4
7f05ffbc0000-7f05ffdc0000 ---p 00002000 08:01 31461510                   /lib/x86_64-linux-gnu/libkeyutils.so.1.4
7f05ffdc0000-7f05ffdc1000 r--p 00002000 08:01 31461510                   /lib/x86_64-linux-gnu/libkeyutils.so.1.4
7f05ffdc1000-7f05ffdc2000 rw-p 00003000 08:01 31461510                   /lib/x86_64-linux-gnu/libkeyutils.so.1.4
7f05ffdc2000-7f05ffdff000 r-xp 00000000 08:01 31460497                   /lib/x86_64-linux-gnu/libpcre.so.3.13.1
7f05ffdff000-7f05ffffe000 ---p 0003d000 08:01 31460497                   /lib/x86_64-linux-gnu/libpcre.so.3.13.1
7f05ffffe000-7f05fffff000 r--p 0003c000 08:01 31460497                   /lib/x86_64-linux-gnu/libpcre.so.3.13.1
7f05fffff000-7f0600000000 rw-p 0003d000 08:01 31460497                   /lib/x86_64-linux-gnu/libpcre.so.3.13.1
7f0600000000-7f06005f8000 rw-p 00000000 00:00 0 
7f06005f8000-7f0604000000 ---p 00000000 00:00 0 
7f0604000000-7f0604021000 rw-p 00000000 00:00 0 
7f0604021000-7f0608000000 ---p 00000000 00:00 0 
7f0608000000-7f060802d000 rw-p 00000000 00:00 0 
7f060802d000-7f060c000000 ---p 00000000 00:00 0 
7f060c000000-7f060c247000 rw-p 00000000 00:00 0 
7f060c247000-7f0610000000 ---p 00000000 00:00 0 
7f0610000000-7f06102a5000 rw-p 00000000 00:00 0 
7f06102a5000-7f0614000000 ---p 00000000 00:00 0 
7f0614000000-7f0614021000 rw-p 00000000 00:00 0 
7f0614021000-7f0618000000 ---p 00000000 00:00 0 
7f0618000000-7f0618021000 rw-p 00000000 00:00 0 
7f0618021000-7f061c000000 ---p 00000000 00:00 0 
7f061c000000-7f061c021000 rw-p 00000000 00:00 0 
7f061c021000-7f0620000000 ---p 00000000 00:00 0 
7f0620000000-7f0620021000 rw-p 00000000 00:00 0 
7f0620021000-7f0624000000 ---p 00000000 00:00 0 
7f0624000000-7f0624021000 rw-p 00000000 00:00 0 
7f0624021000-7f0628000000 ---p 00000000 00:00 0 
7f0628000000-7f0628021000 rw-p 00000000 00:00 0 
7f0628021000-7f062c000000 ---p 00000000 00:00 0 
7f062c000000-7f062c021000 rw-p 00000000 00:00 0 
7f062c021000-7f0630000000 ---p 00000000 00:00 0 
7f0630000000-7f0630021000 rw-p 00000000 00:00 0 
7f0630021000-7f0634000000 ---p 00000000 00:00 0 
7f0634056000-7f0634059000 ---p 00000000 00:00 0 
7f0634059000-7f0634157000 rw-p 00000000 00:00 0                          [stack:10674]
7f0634157000-7f063417c000 r-xp 00000000 08:01 31457295                   /lib/x86_64-linux-gnu/libpng12.so.0.50.0
7f063417c000-7f063437b000 ---p 00025000 08:01 31457295                   /lib/x86_64-linux-gnu/libpng12.so.0.50.0
7f063437b000-7f063437c000 r--p 00024000 08:01 31457295                   /lib/x86_64-linux-gnu/libpng12.so.0.50.0
7f063437c000-7f063437d000 rw-p 00025000 08:01 31457295                   /lib/x86_64-linux-gnu/libpng12.so.0.50.0
7f063437d000-7f06343c1000 r-xp 00000000 08:01 31461481                   /lib/x86_64-linux-gnu/libdbus-1.so.3.7.6
7f06343c1000-7f06345c0000 ---p 00044000 08:01 31461481                   /lib/x86_64-linux-gnu/libdbus-1.so.3.7.6
7f06345c0000-7f06345c1000 r--p 00043000 08:01 31461481                   /lib/x86_64-linux-gnu/libdbus-1.so.3.7.6
7f06345c1000-7f06345c2000 rw-p 00044000 08:01 31461481                   /lib/x86_64-linux-gnu/libdbus-1.so.3.7.6
7f06345c2000-7f06345fd000 r-xp 00000000 08:01 53222655                   /usr/lib/x86_64-linux-gnu/libp11-kit.so.0.0.0
7f06345fd000-7f06347fc000 ---p 0003b000 08:01 53222655                   /usr/lib/x86_64-linux-gnu/libp11-kit.so.0.0.0
7f06347fc000-7f0634802000 r--p 0003a000 08:01 53222655                   /usr/lib/x86_64-linux-gnu/libp11-kit.so.0.0.0
7f0634802000-7f0634804000 rw-p 00040000 08:01 53222655                   /usr/lib/x86_64-linux-gnu/libp11-kit.so.0.0.0
7f0634804000-7f0634816000 r-xp 00000000 08:01 53222838                   /usr/lib/x86_64-linux-gnu/libtasn1.so.6.2.0
7f0634816000-7f0634a16000 ---p 00012000 08:01 53222838                   /usr/lib/x86_64-linux-gnu/libtasn1.so.6.2.0
7f0634a16000-7f0634a17000 r--p 00012000 08:01 53222838                   /usr/lib/x86_64-linux-gnu/libtasn1.so.6.2.0
7f0634a17000-7f0634a18000 rw-p 00013000 08:01 53222838                   /usr/lib/x86_64-linux-gnu/libtasn1.so.6.2.0
7f0634a18000-7f0634a94000 r-xp 00000000 08:01 31457896                   /lib/x86_64-linux-gnu/libgcrypt.so.11.8.2
7f0634a94000-7f0634c94000 ---p 0007c000 08:01 31457896                   /lib/x86_64-linux-gnu/libgcrypt.so.11.8.2
7f0634c94000-7f0634c95000 r--p 0007c000 08:01 31457896                   /lib/x86_64-linux-gnu/libgcrypt.so.11.8.2
7f0634c95000-7f0634c98000 rw-p 0007d000 08:01 31457896                   /lib/x86_64-linux-gnu/libgcrypt.so.11.8.2
7f0634c98000-7f0634ca2000 r-xp 00000000 08:01 53222531                   /usr/lib/x86_64-linux-gnu/libkrb5support.so.0.1
7f0634ca2000-7f0634ea1000 ---p 0000a000 08:01 53222531                   /usr/lib/x86_64-linux-gnu/libkrb5support.so.0.1
7f0634ea1000-7f0634ea2000 r--p 00009000 08:01 53222531                   /usr/lib/x86_64-linux-gnu/libkrb5support.so.0.1
7f0634ea2000-7f0634ea3000 rw-p 0000a000 08:01 53222531                   /usr/lib/x86_64-linux-gnu/libkrb5support.so.0.1
7f0634ea3000-7f0634ea6000 r-xp 00000000 08:01 31461476                   /lib/x86_64-linux-gnu/libcom_err.so.2.1
7f0634ea6000-7f06350a5000 ---p 00003000 08:01 31461476                   /lib/x86_64-linux-gnu/libcom_err.so.2.1
7f06350a5000-7f06350a6000 r--p 00002000 08:01 31461476                   /lib/x86_64-linux-gnu/libcom_err.so.2.1
7f06350a6000-7f06350a7000 rw-p 00003000 08:01 31461476                   /lib/x86_64-linux-gnu/libcom_err.so.2.1
7f06350a7000-7f06350d3000 r-xp 00000000 08:01 53222525                   /usr/lib/x86_64-linux-gnu/libk5crypto.so.3.1
7f06350d3000-7f06352d2000 ---p 0002c000 08:01 53222525                   /usr/lib/x86_64-linux-gnu/libk5crypto.so.3.1
7f06352d2000-7f06352d4000 r--p 0002b000 08:01 53222525                   /usr/lib/x86_64-linux-gnu/libk5crypto.so.3.1
7f06352d4000-7f06352d5000 rw-p 0002d000 08:01 53222525                   /usr/lib/x86_64-linux-gnu/libk5crypto.so.3.1
7f06352d5000-7f06352d6000 rw-p 00000000 00:00 0 
7f06352d6000-7f0635392000 r-xp 00000000 08:01 53222529                   /usr/lib/x86_64-linux-gnu/libkrb5.so.3.3
7f0635392000-7f0635592000 ---p 000bc000 08:01 53222529                   /usr/lib/x86_64-linux-gnu/libkrb5.so.3.3
7f0635592000-7f063559f000 r--p 000bc000 08:01 53222529                   /usr/lib/x86_64-linux-gnu/libkrb5.so.3.3
7f063559f000-7f06355a1000 rw-p 000c9000 08:01 53222529                   /usr/lib/x86_64-linux-gnu/libkrb5.so.3.3
7f06355a1000-7f06355a6000 r-xp 00000000 08:01 53221983                   /usr/lib/x86_64-linux-gnu/libXdmcp.so.6.0.0
7f06355a6000-7f06357a5000 ---p 00005000 08:01 53221983                   /usr/lib/x86_64-linux-gnu/libXdmcp.so.6.0.0
7f06357a5000-7f06357a6000 r--p 00004000 08:01 53221983                   /usr/lib/x86_64-linux-gnu/libXdmcp.so.6.0.0
7f06357a6000-7f06357a7000 rw-p 00005000 08:01 53221983                   /usr/lib/x86_64-linux-gnu/libXdmcp.so.6.0.0
7f06357a7000-7f06357a9000 r-xp 00000000 08:01 53221972                   /usr/lib/x86_64-linux-gnu/libXau.so.6.0.0
7f06357a9000-7f06359a9000 ---p 00002000 08:01 53221972                   /usr/lib/x86_64-linux-gnu/libXau.so.6.0.0
7f06359a9000-7f06359aa000 r--p 00002000 08:01 53221972                   /usr/lib/x86_64-linux-gnu/libXau.so.6.0.0
7f06359aa000-7f06359ab000 rw-p 00003000 08:01 53221972                   /usr/lib/x86_64-linux-gnu/libXau.so.6.0.0
7f06359ab000-7f06359b2000 r-xp 00000000 08:01 53222228                   /usr/lib/x86_64-linux-gnu/libffi.so.6.0.1
7f06359b2000-7f0635bb1000 ---p 00007000 08:01 53222228                   /usr/lib/x86_64-linux-gnu/libffi.so.6.0.1
7f0635bb1000-7f0635bb2000 r--p 00006000 08:01 53222228                   /usr/lib/x86_64-linux-gnu/libffi.so.6.0.1
7f0635bb2000-7f0635bb3000 rw-p 00007000 08:01 53222228                   /usr/lib/x86_64-linux-gnu/libffi.so.6.0.1
7f0635bb3000-7f0635bca000 r-xp 00000000 08:01 31457826                   /lib/x86_64-linux-gnu/libresolv-2.19.so
7f0635bca000-7f0635dca000 ---p 00017000 08:01 31457826                   /lib/x86_64-linux-gnu/libresolv-2.19.so
7f0635dca000-7f0635dcb000 r--p 00017000 08:01 31457826                   /lib/x86_64-linux-gnu/libresolv-2.19.so
7f0635dcb000-7f0635dcc000 rw-p 00018000 08:01 31457826                   /lib/x86_64-linux-gnu/libresolv-2.19.so
7f0635dcc000-7f0635dce000 rw-p 00000000 00:00 0 
7f0635dce000-7f0635dee000 r-xp 00000000 08:01 31461597                   /lib/x86_64-linux-gnu/libselinux.so.1
7f0635dee000-7f0635fed000 ---p 00020000 08:01 31461597                   /lib/x86_64-linux-gnu/libselinux.so.1
7f0635fed000-7f0635fee000 r--p 0001f000 08:01 31461597                   /lib/x86_64-linux-gnu/libselinux.so.1
7f0635fee000-7f0635fef000 rw-p 00020000 08:01 31461597                   /lib/x86_64-linux-gnu/libselinux.so.1
7f0635fef000-7f0635ff1000 rw-p 00000000 00:00 0 
7f0635ff1000-7f06360fb000 r-xp 00000000 08:01 31461498                   /lib/x86_64-linux-gnu/libglib-2.0.so.0.4200.2
7f06360fb000-7f06362fa000 ---p 0010a000 08:01 31461498                   /lib/x86_64-linux-gnu/libglib-2.0.so.0.4200.2
7f06362fa000-7f06362fb000 r--p 00109000 08:01 31461498                   /lib/x86_64-linux-gnu/libglib-2.0.so.0.4200.2
7f06362fb000-7f06362fc000 rw-p 0010a000 08:01 31461498                   /lib/x86_64-linux-gnu/libglib-2.0.so.0.4200.2
7f06362fc000-7f06362fd000 rw-p 00000000 00:00 0 
7f06362fd000-7f0636300000 r-xp 00000000 08:01 53222319                   /usr/lib/x86_64-linux-gnu/libgmodule-2.0.so.0.4200.2
7f0636300000-7f06364ff000 ---p 00003000 08:01 53222319                   /usr/lib/x86_64-linux-gnu/libgmodule-2.0.so.0.4200.2
7f06364ff000-7f0636500000 r--p 00002000 08:01 53222319                   /usr/lib/x86_64-linux-gnu/libgmodule-2.0.so.0.4200.2
7f0636500000-7f0636501000 rw-p 00003000 08:01 53222319                   /usr/lib/x86_64-linux-gnu/libgmodule-2.0.so.0.4200.2
7f0636501000-7f0636528000 r-xp 00000000 08:01 31461489                   /lib/x86_64-linux-gnu/libexpat.so.1.6.0
7f0636528000-7f0636728000 ---p 00027000 08:01 31461489                   /lib/x86_64-linux-gnu/libexpat.so.1.6.0
7f0636728000-7f063672a000 r--p 00027000 08:01 31461489                   /lib/x86_64-linux-gnu/libexpat.so.1.6.0
7f063672a000-7f063672b000 rw-p 00029000 08:01 31461489                   /lib/x86_64-linux-gnu/libexpat.so.1.6.0
7f063672b000-7f06367c8000 r-xp 00000000 08:01 53222254                   /usr/lib/x86_64-linux-gnu/libfreetype.so.6.11.1
7f06367c8000-7f06369c7000 ---p 0009d000 08:01 53222254                   /usr/lib/x86_64-linux-gnu/libfreetype.so.6.11.1
7f06369c7000-7f06369cd000 r--p 0009c000 08:01 53222254                   /usr/lib/x86_64-linux-gnu/libfreetype.so.6.11.1
7f06369cd000-7f06369ce000 rw-p 000a2000 08:01 53222254                   /usr/lib/x86_64-linux-gnu/libfreetype.so.6.11.1
7f06369ce000-7f06369dd000 r-xp 00000000 08:01 53222069                   /usr/lib/x86_64-linux-gnu/libavahi-client.so.3.2.9
7f06369dd000-7f0636bdd000 ---p 0000f000 08:01 53222069                   /usr/lib/x86_64-linux-gnu/libavahi-client.so.3.2.9
7f0636bdd000-7f0636bde000 r--p 0000f000 08:01 53222069                   /usr/lib/x86_64-linux-gnu/libavahi-client.so.3.2.9
7f0636bde000-7f0636bdf000 rw-p 00010000 08:01 53222069                   /usr/lib/x86_64-linux-gnu/libavahi-client.so.3.2.9
7f0636bdf000-7f0636bea000 r-xp 00000000 08:01 53222071                   /usr/lib/x86_64-linux-gnu/libavahi-common.so.3.5.3
7f0636bea000-7f0636de9000 ---p 0000b000 08:01 53222071                   /usr/lib/x86_64-linux-gnu/libavahi-common.so.3.5.3
7f0636de9000-7f0636dea000 r--p 0000a000 08:01 53222071                   /usr/lib/x86_64-linux-gnu/libavahi-common.so.3.5.3
7f0636dea000-7f0636deb000 rw-p 0000b000 08:01 53222071                   /usr/lib/x86_64-linux-gnu/libavahi-common.so.3.5.3
7f0636deb000-7f0636ea2000 r-xp 00000000 08:01 53215286                   /usr/lib/x86_64-linux-gnu/libgnutls.so.26.22.6
7f0636ea2000-7f06370a1000 ---p 000b7000 08:01 53215286                   /usr/lib/x86_64-linux-gnu/libgnutls.so.26.22.6
7f06370a1000-7f06370a7000 r--p 000b6000 08:01 53215286                   /usr/lib/x86_64-linux-gnu/libgnutls.so.26.22.6
7f06370a7000-7f06370a8000 rw-p 000bc000 08:01 53215286                   /usr/lib/x86_64-linux-gnu/libgnutls.so.26.22.6
7f06370a8000-7f06370a9000 rw-p 00000000 00:00 0 
7f06370a9000-7f06370ed000 r-xp 00000000 08:01 53222367                   /usr/lib/x86_64-linux-gnu/libgssapi_krb5.so.2.2
7f06370ed000-7f06372ed000 ---p 00044000 08:01 53222367                   /usr/lib/x86_64-linux-gnu/libgssapi_krb5.so.2.2
7f06372ed000-7f06372ee000 r--p 00044000 08:01 53222367                   /usr/lib/x86_64-linux-gnu/libgssapi_krb5.so.2.2
7f06372ee000-7f06372f0000 rw-p 00045000 08:01 53222367                   /usr/lib/x86_64-linux-gnu/libgssapi_krb5.so.2.2
7f06372f0000-7f063730d000 r-xp 00000000 08:01 53222964                   /usr/lib/x86_64-linux-gnu/libxcb.so.1.1.0
7f063730d000-7f063750d000 ---p 0001d000 08:01 53222964                   /usr/lib/x86_64-linux-gnu/libxcb.so.1.1.0
7f063750d000-7f063750e000 r--p 0001d000 08:01 53222964                   /usr/lib/x86_64-linux-gnu/libxcb.so.1.1.0
7f063750e000-7f063750f000 rw-p 0001e000 08:01 53222964                   /usr/lib/x86_64-linux-gnu/libxcb.so.1.1.0
7f063750f000-7f063755e000 r-xp 00000000 08:01 53222337                   /usr/lib/x86_64-linux-gnu/libgobject-2.0.so.0.4200.2
7f063755e000-7f063775e000 ---p 0004f000 08:01 53222337                   /usr/lib/x86_64-linux-gnu/libgobject-2.0.so.0.4200.2
7f063775e000-7f063775f000 r--p 0004f000 08:01 53222337                   /usr/lib/x86_64-linux-gnu/libgobject-2.0.so.0.4200.2
7f063775f000-7f0637760000 rw-p 00050000 08:01 53222337                   /usr/lib/x86_64-linux-gnu/libgobject-2.0.so.0.4200.2
7f0637760000-7f06378cc000 r-xp 00000000 08:01 53222307                   /usr/lib/x86_64-linux-gnu/libgio-2.0.so.0.4200.2
7f06378cc000-7f0637acc000 ---p 0016c000 08:01 53222307                   /usr/lib/x86_64-linux-gnu/libgio-2.0.so.0.4200.2
7f0637acc000-7f0637ad0000 r--p 0016c000 08:01 53222307                   /usr/lib/x86_64-linux-gnu/libgio-2.0.so.0.4200.2
7f0637ad0000-7f0637ad2000 rw-p 00170000 08:01 53222307                   /usr/lib/x86_64-linux-gnu/libgio-2.0.so.0.4200.2
7f0637ad2000-7f0637ad4000 rw-p 00000000 00:00 0 
7f0637ad4000-7f0637b0e000 r-xp 00000000 08:01 53222242                   /usr/lib/x86_64-linux-gnu/libfontconfig.so.1.8.0
7f0637b0e000-7f0637d0d000 ---p 0003a000 08:01 53222242                   /usr/lib/x86_64-linux-gnu/libfontconfig.so.1.8.0
7f0637d0d000-7f0637d0f000 r--p 00039000 08:01 53222242                   /usr/lib/x86_64-linux-gnu/libfontconfig.so.1.8.0
7f0637d0f000-7f0637d10000 rw-p 0003b000 08:01 53222242                   /usr/lib/x86_64-linux-gnu/libfontconfig.so.1.8.0
7f0637d10000-7f063c000000 rw-p 00000000 00:00 0 
7f063c000000-7f063c021000 rw-p 00000000 00:00 0 
7f063c021000-7f0640000000 ---p 00000000 00:00 0 
7f064005f000-7f0640090000 rw-p 00000000 00:00 0 
7f0640090000-7f06400b2000 r--p 00000000 08:01 54670802                   /usr/share/locale-langpack/pt_BR/LC_MESSAGES/libc.mo
7f06400b2000-7f064011e000 r-xp 00000000 08:01 53215349                   /usr/lib/x86_64-linux-gnu/libcups.so.2
7f064011e000-7f064031e000 ---p 0006c000 08:01 53215349                   /usr/lib/x86_64-linux-gnu/libcups.so.2
7f064031e000-7f0640325000 r--p 0006c000 08:01 53215349                   /usr/lib/x86_64-linux-gnu/libcups.so.2
7f0640325000-7f0640326000 rw-p 00073000 08:01 53215349                   /usr/lib/x86_64-linux-gnu/libcups.so.2
7f0640326000-7f0640335000 r-xp 00000000 08:01 53221993                   /usr/lib/x86_64-linux-gnu/libXi.so.6.1.0
7f0640335000-7f0640534000 ---p 0000f000 08:01 53221993                   /usr/lib/x86_64-linux-gnu/libXi.so.6.1.0
7f0640534000-7f0640535000 r--p 0000e000 08:01 53221993                   /usr/lib/x86_64-linux-gnu/libXi.so.6.1.0
7f0640535000-7f0640536000 rw-p 0000f000 08:01 53221993                   /usr/lib/x86_64-linux-gnu/libXi.so.6.1.0
7f0640536000-7f064053b000 r-xp 00000000 08:01 53222011                   /usr/lib/x86_64-linux-gnu/libXtst.so.6.1.0
7f064053b000-7f064073a000 ---p 00005000 08:01 53222011                   /usr/lib/x86_64-linux-gnu/libXtst.so.6.1.0
7f064073a000-7f064073b000 r--p 00004000 08:01 53222011                   /usr/lib/x86_64-linux-gnu/libXtst.so.6.1.0
7f064073b000-7f064073c000 rw-p 00005000 08:01 53222011                   /usr/lib/x86_64-linux-gnu/libXtst.so.6.1.0
7f064073c000-7f0640745000 r-xp 00000000 08:01 53222005                   /usr/lib/x86_64-linux-gnu/libXrender.so.1.3.0
7f0640745000-7f0640944000 ---p 00009000 08:01 53222005                   /usr/lib/x86_64-linux-gnu/libXrender.so.1.3.0
7f0640944000-7f0640945000 r--p 00008000 08:01 53222005                   /usr/lib/x86_64-linux-gnu/libXrender.so.1.3.0
7f0640945000-7f0640946000 rw-p 00009000 08:01 53222005                   /usr/lib/x86_64-linux-gnu/libXrender.so.1.3.0
7f0640946000-7f0640a76000 r-xp 00000000 08:01 53221968                   /usr/lib/x86_64-linux-gnu/libX11.so.6.3.0
7f0640a76000-7f0640c76000 ---p 00130000 08:01 53221968                   /usr/lib/x86_64-linux-gnu/libX11.so.6.3.0
7f0640c76000-7f0640c77000 r--p 00130000 08:01 53221968                   /usr/lib/x86_64-linux-gnu/libX11.so.6.3.0
7f0640c77000-7f0640c7b000 rw-p 00131000 08:01 53221968                   /usr/lib/x86_64-linux-gnu/libX11.so.6.3.0
7f0640c7b000-7f0640c8c000 r-xp 00000000 08:01 53221985                   /usr/lib/x86_64-linux-gnu/libXext.so.6.4.0
7f0640c8c000-7f0640e8b000 ---p 00011000 08:01 53221985                   /usr/lib/x86_64-linux-gnu/libXext.so.6.4.0
7f0640e8b000-7f0640e8c000 r--p 00010000 08:01 53221985                   /usr/lib/x86_64-linux-gnu/libXext.so.6.4.0
7f0640e8c000-7f0640e8d000 rw-p 00011000 08:01 53221985                   /usr/lib/x86_64-linux-gnu/libXext.so.6.4.0
7f0640ea9000-7f0640ef1000 r-xp 00000000 08:01 54919650                   /usr/lib/jvm/java-7-openjdk-amd64/jre/lib/amd64/xawt/libmawt.so
7f0640ef1000-7f06410f0000 ---p 00048000 08:01 54919650                   /usr/lib/jvm/java-7-openjdk-amd64/jre/lib/amd64/xawt/libmawt.so
7f06410f0000-7f06410f1000 r--p 00047000 08:01 54919650                   /usr/lib/jvm/java-7-openjdk-amd64/jre/lib/amd64/xawt/libmawt.so
7f06410f1000-7f06410f4000 rw-p 00048000 08:01 54919650                   /usr/lib/jvm/java-7-openjdk-amd64/jre/lib/amd64/xawt/libmawt.so
7f06410f4000-7f06410f5000 rw-p 00000000 00:00 0 
7f06410f5000-7f0641195000 r-xp 00000000 08:01 54531112                   /usr/lib/jvm/java-7-openjdk-amd64/jre/lib/amd64/libawt.so
7f0641195000-7f0641395000 ---p 000a0000 08:01 54531112                   /usr/lib/jvm/java-7-openjdk-amd64/jre/lib/amd64/libawt.so
7f0641395000-7f0641396000 r--p 000a0000 08:01 54531112                   /usr/lib/jvm/java-7-openjdk-amd64/jre/lib/amd64/libawt.so
7f0641396000-7f06413a1000 rw-p 000a1000 08:01 54531112                   /usr/lib/jvm/java-7-openjdk-amd64/jre/lib/amd64/libawt.so
7f06413a1000-7f06413c6000 rw-p 00000000 00:00 0 
7f06413c6000-7f06413c7000 ---p 00000000 00:00 0 
7f06413c7000-7f06414c7000 rw-p 00000000 00:00 0                          [stack:10673]
7f06414c7000-7f06414ca000 ---p 00000000 00:00 0 
7f06414ca000-7f06415c8000 rw-p 00000000 00:00 0                          [stack:10672]
7f06415c8000-7f06415cb000 ---p 00000000 00:00 0 
7f06415cb000-7f06416c9000 rw-p 00000000 00:00 0                          [stack:10671]
7f06416c9000-7f06416cc000 ---p 00000000 00:00 0 
7f06416cc000-7f06417ca000 rw-p 00000000 00:00 0                          [stack:10670]
7f06417ca000-7f06417cd000 ---p 00000000 00:00 0 
7f06417cd000-7f06418cb000 rw-p 00000000 00:00 0                          [stack:10668]
7f06418cb000-7f06418ce000 ---p 00000000 00:00 0 
7f06418ce000-7f06419cc000 rw-p 00000000 00:00 0                          [stack:10666]
7f06419cc000-7f06419cf000 ---p 00000000 00:00 0 
7f06419cf000-7f0641acd000 rw-p 00000000 00:00 0                          [stack:10664]
7f0641acd000-7f0641ad1000 r-xp 00000000 08:01 54531130                   /usr/lib/jvm/java-7-openjdk-amd64/jre/lib/amd64/libdt_socket.so
7f0641ad1000-7f0641cd0000 ---p 00004000 08:01 54531130                   /usr/lib/jvm/java-7-openjdk-amd64/jre/lib/amd64/libdt_socket.so
7f0641cd0000-7f0641cd1000 r--p 00003000 08:01 54531130                   /usr/lib/jvm/java-7-openjdk-amd64/jre/lib/amd64/libdt_socket.so
7f0641cd1000-7f0641cd2000 rw-p 00004000 08:01 54531130                   /usr/lib/jvm/java-7-openjdk-amd64/jre/lib/amd64/libdt_socket.so
7f0641cd2000-7f0641cd5000 ---p 00000000 00:00 0 
7f0641cd5000-7f0641dd3000 rw-p 00000000 00:00 0                          [stack:10662]
7f0641dd3000-7f0641dd6000 ---p 00000000 00:00 0 
7f0641dd6000-7f0641ed4000 rw-p 00000000 00:00 0                          [stack:10661]
7f0641ed4000-7f0641ed7000 ---p 00000000 00:00 0 
7f0641ed7000-7f0641fd5000 rw-p 00000000 00:00 0                          [stack:10660]
7f0641fd5000-7f0641fd6000 ---p 00000000 00:00 0 
7f0641fd6000-7f06430b2000 rw-p 00000000 00:00 0                          [stack:10659]
7f06430b2000-7f0643263000 r--s 01d30000 08:01 54531140                   /usr/lib/jvm/java-7-openjdk-amd64/jre/lib/rt.jar
7f0643263000-7f0643708000 rw-p 00000000 00:00 0 
7f0643708000-7f0643978000 rwxp 00000000 00:00 0 
7f0643978000-7f0646708000 rw-p 00000000 00:00 0 
7f0646708000-7f0648000000 r--p 00000000 08:01 53219623                   /usr/lib/locale/locale-archive
7f0648000000-7f064827b000 rw-p 00000000 00:00 0 
7f064827b000-7f064c000000 ---p 00000000 00:00 0 
7f064c005000-7f064c00f000 r--s 000ae000 08:01 54531137                   /usr/lib/jvm/java-7-openjdk-amd64/jre/lib/resources.jar
7f064c00f000-7f064c0dd000 rw-p 00000000 00:00 0 
7f064c0dd000-7f064c0de000 ---p 00000000 00:00 0 
7f064c0de000-7f064c1de000 rw-p 00000000 00:00 0                          [stack:10654]
7f064c1de000-7f064c1df000 ---p 00000000 00:00 0 
7f064c1df000-7f064c2df000 rw-p 00000000 00:00 0                          [stack:10653]
7f064c2df000-7f064c2e0000 ---p 00000000 00:00 0 
7f064c2e0000-7f064c3e0000 rw-p 00000000 00:00 0                          [stack:10652]
7f064c3e0000-7f064c3e1000 ---p 00000000 00:00 0 
7f064c3e1000-7f064c4ec000 rw-p 00000000 00:00 0                          [stack:10651]
7f064c4ec000-7f064c534000 rw-p 00000000 00:00 0 
7f064c534000-7f064c55d000 rw-p 00000000 00:00 0 
7f064c55d000-7f064c7c7000 rw-p 00000000 00:00 0 
7f064c7c7000-7f064c7d2000 rw-p 00000000 00:00 0 
7f064c7d2000-7f064c81a000 rw-p 00000000 00:00 0 
7f064c81a000-7f064c843000 rw-p 00000000 00:00 0 
7f064c843000-7f064caac000 rw-p 00000000 00:00 0 
7f064caac000-7f064cad1000 rw-p 00000000 00:00 0 
7f064cad1000-7f064cbf6000 rw-p 00000000 00:00 0 
7f064cbf6000-7f064cbf7000 rw-p 00000000 00:00 0 
7f064cbf7000-7f064cbff000 r-xp 00000000 08:01 54531120                   /usr/lib/jvm/java-7-openjdk-amd64/jre/lib/amd64/libzip.so
7f064cbff000-7f064cdfe000 ---p 00008000 08:01 54531120                   /usr/lib/jvm/java-7-openjdk-amd64/jre/lib/amd64/libzip.so
7f064cdfe000-7f064cdff000 r--p 00007000 08:01 54531120                   /usr/lib/jvm/java-7-openjdk-amd64/jre/lib/amd64/libzip.so
7f064cdff000-7f064ce00000 rw-p 00008000 08:01 54531120                   /usr/lib/jvm/java-7-openjdk-amd64/jre/lib/amd64/libzip.so
7f064ce00000-7f064ce0b000 r-xp 00000000 08:01 31457849                   /lib/x86_64-linux-gnu/libnss_files-2.19.so
7f064ce0b000-7f064d00a000 ---p 0000b000 08:01 31457849                   /lib/x86_64-linux-gnu/libnss_files-2.19.so
7f064d00a000-7f064d00b000 r--p 0000a000 08:01 31457849                   /lib/x86_64-linux-gnu/libnss_files-2.19.so
7f064d00b000-7f064d00c000 rw-p 0000b000 08:01 31457849                   /lib/x86_64-linux-gnu/libnss_files-2.19.so
7f064d00c000-7f064d017000 r-xp 00000000 08:01 31457840                   /lib/x86_64-linux-gnu/libnss_nis-2.19.so
7f064d017000-7f064d216000 ---p 0000b000 08:01 31457840                   /lib/x86_64-linux-gnu/libnss_nis-2.19.so
7f064d216000-7f064d217000 r--p 0000a000 08:01 31457840                   /lib/x86_64-linux-gnu/libnss_nis-2.19.so
7f064d217000-7f064d218000 rw-p 0000b000 08:01 31457840                   /lib/x86_64-linux-gnu/libnss_nis-2.19.so
7f064d218000-7f064d22f000 r-xp 00000000 08:01 31457836                   /lib/x86_64-linux-gnu/libnsl-2.19.so
7f064d22f000-7f064d42e000 ---p 00017000 08:01 31457836                   /lib/x86_64-linux-gnu/libnsl-2.19.so
7f064d42e000-7f064d42f000 r--p 00016000 08:01 31457836                   /lib/x86_64-linux-gnu/libnsl-2.19.so
7f064d42f000-7f064d430000 rw-p 00017000 08:01 31457836                   /lib/x86_64-linux-gnu/libnsl-2.19.so
7f064d430000-7f064d432000 rw-p 00000000 00:00 0 
7f064d432000-7f064d43b000 r-xp 00000000 08:01 31457835                   /lib/x86_64-linux-gnu/libnss_compat-2.19.so
7f064d43b000-7f064d63a000 ---p 00009000 08:01 31457835                   /lib/x86_64-linux-gnu/libnss_compat-2.19.so
7f064d63a000-7f064d63b000 r--p 00008000 08:01 31457835                   /lib/x86_64-linux-gnu/libnss_compat-2.19.so
7f064d63b000-7f064d63c000 rw-p 00009000 08:01 31457835                   /lib/x86_64-linux-gnu/libnss_compat-2.19.so
7f064d63c000-7f064d63e000 r-xp 00000000 08:01 54531080                   /usr/lib/jvm/java-7-openjdk-amd64/jre/lib/amd64/libnpt.so
7f064d63e000-7f064d83e000 ---p 00002000 08:01 54531080                   /usr/lib/jvm/java-7-openjdk-amd64/jre/lib/amd64/libnpt.so
7f064d83e000-7f064d83f000 r--p 00002000 08:01 54531080                   /usr/lib/jvm/java-7-openjdk-amd64/jre/lib/amd64/libnpt.so
7f064d83f000-7f064d840000 rw-p 00003000 08:01 54531080                   /usr/lib/jvm/java-7-openjdk-amd64/jre/lib/amd64/libnpt.so
7f064d840000-7f064d87a000 r-xp 00000000 08:01 54531082                   /usr/lib/jvm/java-7-openjdk-amd64/jre/lib/amd64/libjdwp.so
7f064d87a000-7f064da79000 ---p 0003a000 08:01 54531082                   /usr/lib/jvm/java-7-openjdk-amd64/jre/lib/amd64/libjdwp.so
7f064da79000-7f064da7a000 r--p 00039000 08:01 54531082                   /usr/lib/jvm/java-7-openjdk-amd64/jre/lib/amd64/libjdwp.so
7f064da7a000-7f064da7b000 rw-p 0003a000 08:01 54531082                   /usr/lib/jvm/java-7-openjdk-amd64/jre/lib/amd64/libjdwp.so
7f064da7b000-7f064daa6000 r-xp 00000000 08:01 54531091                   /usr/lib/jvm/java-7-openjdk-amd64/jre/lib/amd64/libjava.so
7f064daa6000-7f064dca6000 ---p 0002b000 08:01 54531091                   /usr/lib/jvm/java-7-openjdk-amd64/jre/lib/amd64/libjava.so
7f064dca6000-7f064dca7000 r--p 0002b000 08:01 54531091                   /usr/lib/jvm/java-7-openjdk-amd64/jre/lib/amd64/libjava.so
7f064dca7000-7f064dca9000 rw-p 0002c000 08:01 54531091                   /usr/lib/jvm/java-7-openjdk-amd64/jre/lib/amd64/libjava.so
7f064dca9000-7f064dcb9000 r-xp 00000000 08:01 54531093                   /usr/lib/jvm/java-7-openjdk-amd64/jre/lib/amd64/libverify.so
7f064dcb9000-7f064deb8000 ---p 00010000 08:01 54531093                   /usr/lib/jvm/java-7-openjdk-amd64/jre/lib/amd64/libverify.so
7f064deb8000-7f064deba000 r--p 0000f000 08:01 54531093                   /usr/lib/jvm/java-7-openjdk-amd64/jre/lib/amd64/libverify.so
7f064deba000-7f064debb000 rw-p 00011000 08:01 54531093                   /usr/lib/jvm/java-7-openjdk-amd64/jre/lib/amd64/libverify.so
7f064debb000-7f064dec2000 r-xp 00000000 08:01 31457844                   /lib/x86_64-linux-gnu/librt-2.19.so
7f064dec2000-7f064e0c1000 ---p 00007000 08:01 31457844                   /lib/x86_64-linux-gnu/librt-2.19.so
7f064e0c1000-7f064e0c2000 r--p 00006000 08:01 31457844                   /lib/x86_64-linux-gnu/librt-2.19.so
7f064e0c2000-7f064e0c3000 rw-p 00007000 08:01 31457844                   /lib/x86_64-linux-gnu/librt-2.19.so
7f064e0c3000-7f064e0d9000 r-xp 00000000 08:01 31457285                   /lib/x86_64-linux-gnu/libgcc_s.so.1
7f064e0d9000-7f064e2d8000 ---p 00016000 08:01 31457285                   /lib/x86_64-linux-gnu/libgcc_s.so.1
7f064e2d8000-7f064e2d9000 rw-p 00015000 08:01 31457285                   /lib/x86_64-linux-gnu/libgcc_s.so.1
7f064e2d9000-7f064e3de000 r-xp 00000000 08:01 31457830                   /lib/x86_64-linux-gnu/libm-2.19.so
7f064e3de000-7f064e5dd000 ---p 00105000 08:01 31457830                   /lib/x86_64-linux-gnu/libm-2.19.so
7f064e5dd000-7f064e5de000 r--p 00104000 08:01 31457830                   /lib/x86_64-linux-gnu/libm-2.19.so
7f064e5de000-7f064e5df000 rw-p 00105000 08:01 31457830                   /lib/x86_64-linux-gnu/libm-2.19.so
7f064e5df000-7f064e6c5000 r-xp 00000000 08:01 53217130                   /usr/lib/x86_64-linux-gnu/libstdc++.so.6.0.19
7f064e6c5000-7f064e8c4000 ---p 000e6000 08:01 53217130                   /usr/lib/x86_64-linux-gnu/libstdc++.so.6.0.19
7f064e8c4000-7f064e8cc000 r--p 000e5000 08:01 53217130                   /usr/lib/x86_64-linux-gnu/libstdc++.so.6.0.19
7f064e8cc000-7f064e8ce000 rw-p 000ed000 08:01 53217130                   /usr/lib/x86_64-linux-gnu/libstdc++.so.6.0.19
7f064e8ce000-7f064e8e3000 rw-p 00000000 00:00 0 
7f064e8e3000-7f064f407000 r-xp 00000000 08:01 54531118                   /usr/lib/jvm/java-7-openjdk-amd64/jre/lib/amd64/server/libjvm.so
7f064f407000-7f064f607000 ---p 00b24000 08:01 54531118                   /usr/lib/jvm/java-7-openjdk-amd64/jre/lib/amd64/server/libjvm.so
7f064f607000-7f064f6a1000 r--p 00b24000 08:01 54531118                   /usr/lib/jvm/java-7-openjdk-amd64/jre/lib/amd64/server/libjvm.so
7f064f6a1000-7f064f6c4000 rw-p 00bbe000 08:01 54531118                   /usr/lib/jvm/java-7-openjdk-amd64/jre/lib/amd64/server/libjvm.so
7f064f6c4000-7f064f6f2000 rw-p 00000000 00:00 0 
7f064f6f2000-7f064f70a000 r-xp 00000000 08:01 31461629                   /lib/x86_64-linux-gnu/libz.so.1.2.8
7f064f70a000-7f064f909000 ---p 00018000 08:01 31461629                   /lib/x86_64-linux-gnu/libz.so.1.2.8
7f064f909000-7f064f90a000 r--p 00017000 08:01 31461629                   /lib/x86_64-linux-gnu/libz.so.1.2.8
7f064f90a000-7f064f90b000 rw-p 00018000 08:01 31461629                   /lib/x86_64-linux-gnu/libz.so.1.2.8
7f064f90b000-7f064f924000 r-xp 00000000 08:01 31457837                   /lib/x86_64-linux-gnu/libpthread-2.19.so
7f064f924000-7f064fb23000 ---p 00019000 08:01 31457837                   /lib/x86_64-linux-gnu/libpthread-2.19.so
7f064fb23000-7f064fb24000 r--p 00018000 08:01 31457837                   /lib/x86_64-linux-gnu/libpthread-2.19.so
7f064fb24000-7f064fb25000 rw-p 00019000 08:01 31457837                   /lib/x86_64-linux-gnu/libpthread-2.19.so
7f064fb25000-7f064fb29000 rw-p 00000000 00:00 0 
7f064fb29000-7f064fb2c000 r-xp 00000000 08:01 31457832                   /lib/x86_64-linux-gnu/libdl-2.19.so
7f064fb2c000-7f064fd2b000 ---p 00003000 08:01 31457832                   /lib/x86_64-linux-gnu/libdl-2.19.so
7f064fd2b000-7f064fd2c000 r--p 00002000 08:01 31457832                   /lib/x86_64-linux-gnu/libdl-2.19.so
7f064fd2c000-7f064fd2d000 rw-p 00003000 08:01 31457832                   /lib/x86_64-linux-gnu/libdl-2.19.so
7f064fd2d000-7f064fee8000 r-xp 00000000 08:01 31457846                   /lib/x86_64-linux-gnu/libc-2.19.so
7f064fee8000-7f06500e7000 ---p 001bb000 08:01 31457846                   /lib/x86_64-linux-gnu/libc-2.19.so
7f06500e7000-7f06500eb000 r--p 001ba000 08:01 31457846                   /lib/x86_64-linux-gnu/libc-2.19.so
7f06500eb000-7f06500ed000 rw-p 001be000 08:01 31457846                   /lib/x86_64-linux-gnu/libc-2.19.so
7f06500ed000-7f06500f2000 rw-p 00000000 00:00 0 
7f06500f2000-7f06500ff000 r-xp 00000000 08:01 54679851                   /usr/lib/jvm/java-7-openjdk-amd64/jre/lib/amd64/jli/libjli.so
7f06500ff000-7f06502fe000 ---p 0000d000 08:01 54679851                   /usr/lib/jvm/java-7-openjdk-amd64/jre/lib/amd64/jli/libjli.so
7f06502fe000-7f06502ff000 r--p 0000c000 08:01 54679851                   /usr/lib/jvm/java-7-openjdk-amd64/jre/lib/amd64/jli/libjli.so
7f06502ff000-7f0650300000 rw-p 0000d000 08:01 54679851                   /usr/lib/jvm/java-7-openjdk-amd64/jre/lib/amd64/jli/libjli.so
7f0650300000-7f0650323000 r-xp 00000000 08:01 31457838                   /lib/x86_64-linux-gnu/ld-2.19.so
7f0650328000-7f065032a000 rw-p 00000000 00:00 0 
7f065032a000-7f0650331000 r--s 00000000 08:01 53480261                   /usr/lib/x86_64-linux-gnu/gconv/gconv-modules.cache
7f0650331000-7f0650333000 r--s 00012000 08:01 54531146                   /usr/lib/jvm/java-7-openjdk-amd64/jre/lib/ext/zipfs.jar
7f0650333000-7f0650337000 r--s 00085000 08:01 54531149                   /usr/lib/jvm/java-7-openjdk-amd64/jre/lib/ext/localedata.jar
7f0650337000-7f065033b000 r--s 0003c000 08:01 54531150                   /usr/lib/jvm/java-7-openjdk-amd64/jre/lib/ext/sunpkcs11.jar
7f065033b000-7f065033e000 r--s 0000f000 08:01 54531148                   /usr/lib/jvm/java-7-openjdk-amd64/jre/lib/ext/icedtea-sound.jar
7f065033e000-7f0650348000 rw-p 00000000 00:00 0 
7f0650348000-7f06503fe000 rw-p 00000000 00:00 0 
7f06503fe000-7f0650401000 ---p 00000000 00:00 0 
7f0650401000-7f0650504000 rw-p 00000000 00:00 0                          [stack:10650]
7f0650504000-7f0650506000 r--s 00006000 08:01 53482385                   /usr/share/java/java-atk-wrapper.jar
7f0650506000-7f0650507000 r--s 00002000 08:01 54531145                   /usr/lib/jvm/java-7-openjdk-amd64/jre/lib/ext/dnsns.jar
7f0650507000-7f065050b000 r--s 00034000 08:01 54531147                   /usr/lib/jvm/java-7-openjdk-amd64/jre/lib/ext/sunjce_provider.jar
7f065050b000-7f0650516000 r--s 00203000 08:01 54531142                   /usr/lib/jvm/java-7-openjdk-amd64/jre/lib/charsets.jar
7f0650516000-7f065051e000 rw-s 00000000 08:01 59244559                   /tmp/hsperfdata_root/10646
7f065051e000-7f065051f000 rw-p 00000000 00:00 0 
7f065051f000-7f0650520000 r--p 00000000 00:00 0 
7f0650520000-7f0650522000 rw-p 00000000 00:00 0 
7f0650522000-7f0650523000 r--p 00022000 08:01 31457838                   /lib/x86_64-linux-gnu/ld-2.19.so
7f0650523000-7f0650524000 rw-p 00023000 08:01 31457838                   /lib/x86_64-linux-gnu/ld-2.19.so
7f0650524000-7f0650525000 rw-p 00000000 00:00 0 
7fff61cf0000-7fff61d11000 rw-p 00000000 00:00 0                          [stack]
7fff61db1000-7fff61db3000 r--p 00000000 00:00 0                          [vvar]
7fff61db3000-7fff61db5000 r-xp 00000000 00:00 0                          [vdso]
ffffffffff600000-ffffffffff601000 r-xp 00000000 00:00 0                  [vsyscall]

VM Arguments:
jvm_args: -agentlib:jdwp=transport=dt_socket,suspend=y,address=localhost:53590 -Djava.security.policy=java.policy.applet -Dfile.encoding=UTF-8 
java_command: sun.applet.AppletViewer Main1459992609285.html
Launcher Type: SUN_STANDARD

Environment Variables:
PATH=/usr/local/sbin:/usr/local/bin:/usr/sbin:/usr/bin:/sbin:/bin
USERNAME=root
SHELL=/bin/bash
DISPLAY=:0

Signal Handlers:
SIGSEGV: [libjvm.so+0x9548f0], sa_mask[0]=0x7ffbfeff, sa_flags=0x10000004
SIGBUS: [libjvm.so+0x9548f0], sa_mask[0]=0x7ffbfeff, sa_flags=0x10000004
SIGFPE: [libjvm.so+0x7cb0b0], sa_mask[0]=0x7ffbfeff, sa_flags=0x10000004
SIGPIPE: [libjvm.so+0x7cb0b0], sa_mask[0]=0x7ffbfeff, sa_flags=0x10000004
SIGXFSZ: [libjvm.so+0x7cb0b0], sa_mask[0]=0x7ffbfeff, sa_flags=0x10000004
SIGILL: [libjvm.so+0x7cb0b0], sa_mask[0]=0x7ffbfeff, sa_flags=0x10000004
SIGUSR1: SIG_DFL, sa_mask[0]=0x00000000, sa_flags=0x00000000
SIGUSR2: [libjvm.so+0x7caf50], sa_mask[0]=0x00000004, sa_flags=0x10000004
SIGHUP: [libjvm.so+0x7cb130], sa_mask[0]=0x7ffbfeff, sa_flags=0x10000004
SIGINT: [libjvm.so+0x7cb130], sa_mask[0]=0x7ffbfeff, sa_flags=0x10000004
SIGTERM: [libjvm.so+0x7cb130], sa_mask[0]=0x7ffbfeff, sa_flags=0x10000004
SIGQUIT: [libjvm.so+0x7cb130], sa_mask[0]=0x7ffbfeff, sa_flags=0x10000004
SIGTRAP: SIG_DFL, sa_mask[0]=0x00000000, sa_flags=0x00000000


---------------  S Y S T E M  ---------------

OS:"elementary OS" 0.3.2 (freya)
uname:Linux 3.19.0-58-generic #64~14.04.1-Ubuntu SMP Fri Mar 18 19:05:43 UTC 2016 x86_64
libc:glibc 2.19 NPTL 2.19 
rlimit: STACK 8192k, CORE 0k, NPROC 31496, NOFILE 4096, AS infinity
load average:0,29 0,21 0,26

/proc/meminfo:
MemTotal:        8093388 kB
MemFree:         1081448 kB
MemAvailable:    2887504 kB
Buffers:          155684 kB
Cached:          2221740 kB
SwapCached:            0 kB
Active:          5342368 kB
Inactive:        1385744 kB
Active(anon):    4356756 kB
Inactive(anon):   444284 kB
Active(file):     985612 kB
Inactive(file):   941460 kB
Unevictable:         496 kB
Mlocked:             496 kB
SwapTotal:       8304636 kB
SwapFree:        8304636 kB
Dirty:               276 kB
Writeback:             0 kB
AnonPages:       4351216 kB
Mapped:           615180 kB
Shmem:            450356 kB
Slab:             133492 kB
SReclaimable:      95836 kB
SUnreclaim:        37656 kB
KernelStack:       11712 kB
PageTables:        56316 kB
NFS_Unstable:          0 kB
Bounce:                0 kB
WritebackTmp:          0 kB
CommitLimit:    12351328 kB
Committed_AS:   11090184 kB
VmallocTotal:   34359738367 kB
VmallocUsed:      562516 kB
VmallocChunk:   34359079804 kB
HardwareCorrupted:     0 kB
AnonHugePages:   1554432 kB
CmaTotal:              0 kB
CmaFree:               0 kB
HugePages_Total:       0
HugePages_Free:        0
HugePages_Rsvd:        0
HugePages_Surp:        0
Hugepagesize:       2048 kB
DirectMap4k:      204608 kB
DirectMap2M:     3907584 kB
DirectMap1G:     5242880 kB


CPU:total 4 (2 cores per cpu, 2 threads per core) family 6 model 61 stepping 4, cmov, cx8, fxsr, mmx, sse, sse2, sse3, ssse3, sse4.1, sse4.2, popcnt, avx, avx2, aes, erms, ht, tsc, tscinvbit

/proc/cpuinfo:
processor	: 0
vendor_id	: GenuineIntel
cpu family	: 6
model		: 61
model name	: Intel(R) Core(TM) i7-5500U CPU @ 2.40GHz
stepping	: 4
microcode	: 0x11
cpu MHz		: 2400.000
cache size	: 4096 KB
physical id	: 0
siblings	: 4
core id		: 0
cpu cores	: 2
apicid		: 0
initial apicid	: 0
fpu		: yes
fpu_exception	: yes
cpuid level	: 20
wp		: yes
flags		: fpu vme de pse tsc msr pae mce cx8 apic sep mtrr pge mca cmov pat pse36 clflush dts acpi mmx fxsr sse sse2 ss ht tm pbe syscall nx pdpe1gb rdtscp lm constant_tsc arch_perfmon pebs bts rep_good nopl xtopology nonstop_tsc aperfmperf eagerfpu pni pclmulqdq dtes64 monitor ds_cpl vmx est tm2 ssse3 fma cx16 xtpr pdcm pcid sse4_1 sse4_2 x2apic movbe popcnt tsc_deadline_timer aes xsave avx f16c rdrand lahf_lm abm 3dnowprefetch ida arat epb pln pts dtherm tpr_shadow vnmi flexpriority ept vpid fsgsbase tsc_adjust bmi1 avx2 smep bmi2 erms invpcid rdseed adx smap xsaveopt
bugs		:
bogomips	: 4788.76
clflush size	: 64
cache_alignment	: 64
address sizes	: 39 bits physical, 48 bits virtual
power management:

processor	: 1
vendor_id	: GenuineIntel
cpu family	: 6
model		: 61
model name	: Intel(R) Core(TM) i7-5500U CPU @ 2.40GHz
stepping	: 4
microcode	: 0x11
cpu MHz		: 2399.906
cache size	: 4096 KB
physical id	: 0
siblings	: 4
core id		: 1
cpu cores	: 2
apicid		: 2
initial apicid	: 2
fpu		: yes
fpu_exception	: yes
cpuid level	: 20
wp		: yes
flags		: fpu vme de pse tsc msr pae mce cx8 apic sep mtrr pge mca cmov pat pse36 clflush dts acpi mmx fxsr sse sse2 ss ht tm pbe syscall nx pdpe1gb rdtscp lm constant_tsc arch_perfmon pebs bts rep_good nopl xtopology nonstop_tsc aperfmperf eagerfpu pni pclmulqdq dtes64 monitor ds_cpl vmx est tm2 ssse3 fma cx16 xtpr pdcm pcid sse4_1 sse4_2 x2apic movbe popcnt tsc_deadline_timer aes xsave avx f16c rdrand lahf_lm abm 3dnowprefetch ida arat epb pln pts dtherm tpr_shadow vnmi flexpriority ept vpid fsgsbase tsc_adjust bmi1 avx2 smep bmi2 erms invpcid rdseed adx smap xsaveopt
bugs		:
bogomips	: 4788.76
clflush size	: 64
cache_alignment	: 64
address sizes	: 39 bits physical, 48 bits virtual
power management:

processor	: 2
vendor_id	: GenuineIntel
cpu family	: 6
model		: 61
model name	: Intel(R) Core(TM) i7-5500U CPU @ 2.40GHz
stepping	: 4
microcode	: 0x11
cpu MHz		: 2400.000
cache size	: 4096 KB
physical id	: 0
siblings	: 4
core id		: 0
cpu cores	: 2
apicid		: 1
initial apicid	: 1
fpu		: yes
fpu_exception	: yes
cpuid level	: 20
wp		: yes
flags		: fpu vme de pse tsc msr pae mce cx8 apic sep mtrr pge mca cmov pat pse36 clflush dts acpi mmx fxsr sse sse2 ss ht tm pbe syscall nx pdpe1gb rdtscp lm constant_tsc arch_perfmon pebs bts rep_good nopl xtopology nonstop_tsc aperfmperf eagerfpu pni pclmulqdq dtes64 monitor ds_cpl vmx est tm2 ssse3 fma cx16 xtpr pdcm pcid sse4_1 sse4_2 x2apic movbe popcnt tsc_deadline_timer aes xsave avx f16c rdrand lahf_lm abm 3dnowprefetch ida arat epb pln pts dtherm tpr_shadow vnmi flexpriority ept vpid fsgsbase tsc_adjust bmi1 avx2 smep bmi2 erms invpcid rdseed adx smap xsaveopt
bugs		:
bogomips	: 4788.76
clflush size	: 64
cache_alignment	: 64
address sizes	: 39 bits physical, 48 bits virtual
power management:

processor	: 3
vendor_id	: GenuineIntel
cpu family	: 6
model		: 61
model name	: Intel(R) Core(TM) i7-5500U CPU @ 2.40GHz
stepping	: 4
microcode	: 0x11
cpu MHz		: 2399.906
cache size	: 4096 KB
physical id	: 0
siblings	: 4
core id		: 1
cpu cores	: 2
apicid		: 3
initial apicid	: 3
fpu		: yes
fpu_exception	: yes
cpuid level	: 20
wp		: yes
flags		: fpu vme de pse tsc msr pae mce cx8 apic sep mtrr pge mca cmov pat pse36 clflush dts acpi mmx fxsr sse sse2 ss ht tm pbe syscall nx pdpe1gb rdtscp lm constant_tsc arch_perfmon pebs bts rep_good nopl xtopology nonstop_tsc aperfmperf eagerfpu pni pclmulqdq dtes64 monitor ds_cpl vmx est tm2 ssse3 fma cx16 xtpr pdcm pcid sse4_1 sse4_2 x2apic movbe popcnt tsc_deadline_timer aes xsave avx f16c rdrand lahf_lm abm 3dnowprefetch ida arat epb pln pts dtherm tpr_shadow vnmi flexpriority ept vpid fsgsbase tsc_adjust bmi1 avx2 smep bmi2 erms invpcid rdseed adx smap xsaveopt
bugs		:
bogomips	: 4788.76
clflush size	: 64
cache_alignment	: 64
address sizes	: 39 bits physical, 48 bits virtual
power management:



Memory: 4k page, physical 8093388k(1081448k free), swap 8304636k(8304636k free)

vm_info: OpenJDK 64-Bit Server VM (24.95-b01) for linux-amd64 JRE (1.7.0_95-b00), built on Mar 24 2016 06:13:32 by "buildd" with gcc 4.8.2

time: Wed Apr  6 22:31:56 2016
elapsed time: 106 seconds

